This is pdfTeX, Version 3.141592653-2.6-1.40.27 (TeX Live 2025) (preloaded format=pdflatex 2025.10.1)  21 OCT 2025 19:17
entering extended mode
 restricted \write18 enabled.
 file:line:error style messages enabled.
 %&-line parsing enabled.
**/Users/conorkirby/projects/python/capstone/Figures/Latex_w_Figures/Capstone_figures.tex
(/Users/conorkirby/projects/python/capstone/Figures/Latex_w_Figures/Capstone_figures.tex
LaTeX2e <2024-11-01> patch level 2
L3 programming layer <2025-01-18>
(/usr/local/texlive/2025/texmf-dist/tex/latex/base/article.cls
Document Class: article 2024/06/29 v1.4n Standard LaTeX document class
(/usr/local/texlive/2025/texmf-dist/tex/latex/base/size10.clo
File: size10.clo 2024/06/29 v1.4n Standard LaTeX file (size option)
)
\c@part=\count196
\c@section=\count197
\c@subsection=\count198
\c@subsubsection=\count199
\c@paragraph=\count266
\c@subparagraph=\count267
\c@figure=\count268
\c@table=\count269
\abovecaptionskip=\skip49
\belowcaptionskip=\skip50
\bibindent=\dimen141
) (/usr/local/texlive/2025/texmf-dist/tex/latex/hyperref/hyperref.sty
Package: hyperref 2024-11-05 v7.01l Hypertext links for LaTeX
 (/usr/local/texlive/2025/texmf-dist/tex/generic/iftex/iftex.sty
Package: iftex 2024/12/12 v1.0g TeX engine tests
) (/usr/local/texlive/2025/texmf-dist/tex/latex/graphics/keyval.sty
Package: keyval 2022/05/29 v1.15 key=value parser (DPC)
\KV@toks@=\toks17
) (/usr/local/texlive/2025/texmf-dist/tex/latex/kvsetkeys/kvsetkeys.sty
Package: kvsetkeys 2022-10-05 v1.19 Key value parser (HO)
) (/usr/local/texlive/2025/texmf-dist/tex/generic/kvdefinekeys/kvdefinekeys.sty
Package: kvdefinekeys 2019-12-19 v1.6 Define keys (HO)
) (/usr/local/texlive/2025/texmf-dist/tex/generic/pdfescape/pdfescape.sty
Package: pdfescape 2019/12/09 v1.15 Implements pdfTeX's escape features (HO)
 (/usr/local/texlive/2025/texmf-dist/tex/generic/ltxcmds/ltxcmds.sty
Package: ltxcmds 2023-12-04 v1.26 LaTeX kernel commands for general use (HO)
) (/usr/local/texlive/2025/texmf-dist/tex/generic/pdftexcmds/pdftexcmds.sty
Package: pdftexcmds 2020-06-27 v0.33 Utility functions of pdfTeX for LuaTeX (HO)
 (/usr/local/texlive/2025/texmf-dist/tex/generic/infwarerr/infwarerr.sty
Package: infwarerr 2019/12/03 v1.5 Providing info/warning/error messages (HO)
)
Package pdftexcmds Info: \pdf@primitive is available.
Package pdftexcmds Info: \pdf@ifprimitive is available.
Package pdftexcmds Info: \pdfdraftmode found.
)) (/usr/local/texlive/2025/texmf-dist/tex/latex/hycolor/hycolor.sty
Package: hycolor 2020-01-27 v1.10 Color options for hyperref/bookmark (HO)
) (/usr/local/texlive/2025/texmf-dist/tex/latex/hyperref/nameref.sty
Package: nameref 2023-11-26 v2.56 Cross-referencing by name of section
 (/usr/local/texlive/2025/texmf-dist/tex/latex/refcount/refcount.sty
Package: refcount 2019/12/15 v3.6 Data extraction from label references (HO)
) (/usr/local/texlive/2025/texmf-dist/tex/generic/gettitlestring/gettitlestring.sty
Package: gettitlestring 2019/12/15 v1.6 Cleanup title references (HO)
 (/usr/local/texlive/2025/texmf-dist/tex/latex/kvoptions/kvoptions.sty
Package: kvoptions 2022-06-15 v3.15 Key value format for package options (HO)
))
\c@section@level=\count270
) (/usr/local/texlive/2025/texmf-dist/tex/latex/etoolbox/etoolbox.sty
Package: etoolbox 2025/02/11 v2.5l e-TeX tools for LaTeX (JAW)
\etb@tempcnta=\count271
) (/usr/local/texlive/2025/texmf-dist/tex/generic/stringenc/stringenc.sty
Package: stringenc 2019/11/29 v1.12 Convert strings between diff. encodings (HO)
)
\@linkdim=\dimen142
\Hy@linkcounter=\count272
\Hy@pagecounter=\count273
 (/usr/local/texlive/2025/texmf-dist/tex/latex/hyperref/pd1enc.def
File: pd1enc.def 2024-11-05 v7.01l Hyperref: PDFDocEncoding definition (HO)
Now handling font encoding PD1 ...
... no UTF-8 mapping file for font encoding PD1
) (/usr/local/texlive/2025/texmf-dist/tex/generic/intcalc/intcalc.sty
Package: intcalc 2019/12/15 v1.3 Expandable calculations with integers (HO)
)
\Hy@SavedSpaceFactor=\count274
 (/usr/local/texlive/2025/texmf-dist/tex/latex/hyperref/puenc.def
File: puenc.def 2024-11-05 v7.01l Hyperref: PDF Unicode definition (HO)
Now handling font encoding PU ...
... no UTF-8 mapping file for font encoding PU
)
Package hyperref Info: Hyper figures OFF on input line 4157.
Package hyperref Info: Link nesting OFF on input line 4162.
Package hyperref Info: Hyper index ON on input line 4165.
Package hyperref Info: Plain pages OFF on input line 4172.
Package hyperref Info: Backreferencing OFF on input line 4177.
Package hyperref Info: Implicit mode ON; LaTeX internals redefined.
Package hyperref Info: Bookmarks ON on input line 4424.
\c@Hy@tempcnt=\count275
 (/usr/local/texlive/2025/texmf-dist/tex/latex/url/url.sty
\Urlmuskip=\muskip17
Package: url 2013/09/16  ver 3.4  Verb mode for urls, etc.
)
LaTeX Info: Redefining \url on input line 4763.
\XeTeXLinkMargin=\dimen143
 (/usr/local/texlive/2025/texmf-dist/tex/generic/bitset/bitset.sty
Package: bitset 2019/12/09 v1.3 Handle bit-vector datatype (HO)
 (/usr/local/texlive/2025/texmf-dist/tex/generic/bigintcalc/bigintcalc.sty
Package: bigintcalc 2019/12/15 v1.5 Expandable calculations on big integers (HO)
))
\Fld@menulength=\count276
\Field@Width=\dimen144
\Fld@charsize=\dimen145
Package hyperref Info: Hyper figures OFF on input line 6042.
Package hyperref Info: Link nesting OFF on input line 6047.
Package hyperref Info: Hyper index ON on input line 6050.
Package hyperref Info: backreferencing OFF on input line 6057.
Package hyperref Info: Link coloring OFF on input line 6062.
Package hyperref Info: Link coloring with OCG OFF on input line 6067.
Package hyperref Info: PDF/A mode OFF on input line 6072.
 (/usr/local/texlive/2025/texmf-dist/tex/latex/base/atbegshi-ltx.sty
Package: atbegshi-ltx 2021/01/10 v1.0c Emulation of the original atbegshi
package with kernel methods
)
\Hy@abspage=\count277
\c@Item=\count278
\c@Hfootnote=\count279
)
Package hyperref Info: Driver (autodetected): hpdftex.
 (/usr/local/texlive/2025/texmf-dist/tex/latex/hyperref/hpdftex.def
File: hpdftex.def 2024-11-05 v7.01l Hyperref driver for pdfTeX
 (/usr/local/texlive/2025/texmf-dist/tex/latex/base/atveryend-ltx.sty
Package: atveryend-ltx 2020/08/19 v1.0a Emulation of the original atveryend package
with kernel methods
)
\Fld@listcount=\count280
\c@bookmark@seq@number=\count281
 (/usr/local/texlive/2025/texmf-dist/tex/latex/rerunfilecheck/rerunfilecheck.sty
Package: rerunfilecheck 2022-07-10 v1.10 Rerun checks for auxiliary files (HO)
 (/usr/local/texlive/2025/texmf-dist/tex/generic/uniquecounter/uniquecounter.sty
Package: uniquecounter 2019/12/15 v1.4 Provide unlimited unique counter (HO)
)
Package uniquecounter Info: New unique counter `rerunfilecheck' on input line 285.
)
\Hy@SectionHShift=\skip51
) (/usr/local/texlive/2025/texmf-dist/tex/latex/listings/listings.sty
\lst@mode=\count282
\lst@gtempboxa=\box52
\lst@token=\toks18
\lst@length=\count283
\lst@currlwidth=\dimen146
\lst@column=\count284
\lst@pos=\count285
\lst@lostspace=\dimen147
\lst@width=\dimen148
\lst@newlines=\count286
\lst@lineno=\count287
\lst@maxwidth=\dimen149
 (/usr/local/texlive/2025/texmf-dist/tex/latex/listings/lstpatch.sty
File: lstpatch.sty 2024/09/23 1.10c (Carsten Heinz)
) (/usr/local/texlive/2025/texmf-dist/tex/latex/listings/lstmisc.sty
File: lstmisc.sty 2024/09/23 1.10c (Carsten Heinz)
\c@lstnumber=\count288
\lst@skipnumbers=\count289
\lst@framebox=\box53
) (/usr/local/texlive/2025/texmf-dist/tex/latex/listings/listings.cfg
File: listings.cfg 2024/09/23 1.10c listings configuration
))
Package: listings 2024/09/23 1.10c (Carsten Heinz)
 (/usr/local/texlive/2025/texmf-dist/tex/latex/xcolor/xcolor.sty
Package: xcolor 2024/09/29 v3.02 LaTeX color extensions (UK)
 (/usr/local/texlive/2025/texmf-dist/tex/latex/graphics-cfg/color.cfg
File: color.cfg 2016/01/02 v1.6 sample color configuration
)
Package xcolor Info: Driver file: pdftex.def on input line 274.
 (/usr/local/texlive/2025/texmf-dist/tex/latex/graphics-def/pdftex.def
File: pdftex.def 2024/04/13 v1.2c Graphics/color driver for pdftex
) (/usr/local/texlive/2025/texmf-dist/tex/latex/graphics/mathcolor.ltx)
Package xcolor Info: Model `cmy' substituted by `cmy0' on input line 1349.
Package xcolor Info: Model `hsb' substituted by `rgb' on input line 1353.
Package xcolor Info: Model `RGB' extended on input line 1365.
Package xcolor Info: Model `HTML' substituted by `rgb' on input line 1367.
Package xcolor Info: Model `Hsb' substituted by `hsb' on input line 1368.
Package xcolor Info: Model `tHsb' substituted by `hsb' on input line 1369.
Package xcolor Info: Model `HSB' substituted by `hsb' on input line 1370.
Package xcolor Info: Model `Gray' substituted by `gray' on input line 1371.
Package xcolor Info: Model `wave' substituted by `hsb' on input line 1372.
) (/usr/local/texlive/2025/texmf-dist/tex/latex/graphics/graphicx.sty
Package: graphicx 2021/09/16 v1.2d Enhanced LaTeX Graphics (DPC,SPQR)
 (/usr/local/texlive/2025/texmf-dist/tex/latex/graphics/graphics.sty
Package: graphics 2024/08/06 v1.4g Standard LaTeX Graphics (DPC,SPQR)
 (/usr/local/texlive/2025/texmf-dist/tex/latex/graphics/trig.sty
Package: trig 2023/12/02 v1.11 sin cos tan (DPC)
) (/usr/local/texlive/2025/texmf-dist/tex/latex/graphics-cfg/graphics.cfg
File: graphics.cfg 2016/06/04 v1.11 sample graphics configuration
)
Package graphics Info: Driver file: pdftex.def on input line 106.
)
\Gin@req@height=\dimen150
\Gin@req@width=\dimen151
) (/usr/local/texlive/2025/texmf-dist/tex/latex/geometry/geometry.sty
Package: geometry 2020/01/02 v5.9 Page Geometry
 (/usr/local/texlive/2025/texmf-dist/tex/generic/iftex/ifvtex.sty
Package: ifvtex 2019/10/25 v1.7 ifvtex legacy package. Use iftex instead.
)
\Gm@cnth=\count290
\Gm@cntv=\count291
\c@Gm@tempcnt=\count292
\Gm@bindingoffset=\dimen152
\Gm@wd@mp=\dimen153
\Gm@odd@mp=\dimen154
\Gm@even@mp=\dimen155
\Gm@layoutwidth=\dimen156
\Gm@layoutheight=\dimen157
\Gm@layouthoffset=\dimen158
\Gm@layoutvoffset=\dimen159
\Gm@dimlist=\toks19
) (/usr/local/texlive/2025/texmf-dist/tex/latex/l3backend/l3backend-pdftex.def
File: l3backend-pdftex.def 2024-05-08 L3 backend support: PDF output (pdfTeX)
\l__color_backend_stack_int=\count293
\l__pdf_internal_box=\box54
) (./Capstone_figures.aux

LaTeX Warning: Label `fig:2x2grid' multiply defined.

)
\openout1 = `Capstone_figures.aux'.

LaTeX Font Info:    Checking defaults for OML/cmm/m/it on input line 48.
LaTeX Font Info:    ... okay on input line 48.
LaTeX Font Info:    Checking defaults for OMS/cmsy/m/n on input line 48.
LaTeX Font Info:    ... okay on input line 48.
LaTeX Font Info:    Checking defaults for OT1/cmr/m/n on input line 48.
LaTeX Font Info:    ... okay on input line 48.
LaTeX Font Info:    Checking defaults for T1/cmr/m/n on input line 48.
LaTeX Font Info:    ... okay on input line 48.
LaTeX Font Info:    Checking defaults for TS1/cmr/m/n on input line 48.
LaTeX Font Info:    ... okay on input line 48.
LaTeX Font Info:    Checking defaults for OMX/cmex/m/n on input line 48.
LaTeX Font Info:    ... okay on input line 48.
LaTeX Font Info:    Checking defaults for U/cmr/m/n on input line 48.
LaTeX Font Info:    ... okay on input line 48.
LaTeX Font Info:    Checking defaults for PD1/pdf/m/n on input line 48.
LaTeX Font Info:    ... okay on input line 48.
LaTeX Font Info:    Checking defaults for PU/pdf/m/n on input line 48.
LaTeX Font Info:    ... okay on input line 48.
Package hyperref Info: Link coloring OFF on input line 48.
 (./Capstone_figures.out) (./Capstone_figures.out)
\@outlinefile=\write3
\openout3 = `Capstone_figures.out'.

\c@lstlisting=\count294
 (/usr/local/texlive/2025/texmf-dist/tex/context/base/mkii/supp-pdf.mkii
[Loading MPS to PDF converter (version 2006.09.02).]
\scratchcounter=\count295
\scratchdimen=\dimen160
\scratchbox=\box55
\nofMPsegments=\count296
\nofMParguments=\count297
\everyMPshowfont=\toks20
\MPscratchCnt=\count298
\MPscratchDim=\dimen161
\MPnumerator=\count299
\makeMPintoPDFobject=\count300
\everyMPtoPDFconversion=\toks21
) (/usr/local/texlive/2025/texmf-dist/tex/latex/epstopdf-pkg/epstopdf-base.sty
Package: epstopdf-base 2020-01-24 v2.11 Base part for package epstopdf
Package epstopdf-base Info: Redefining graphics rule for `.eps' on input line 485.
 (/usr/local/texlive/2025/texmf-dist/tex/latex/latexconfig/epstopdf-sys.cfg
File: epstopdf-sys.cfg 2010/07/13 v1.3 Configuration of (r)epstopdf for TeX Live
))
*geometry* driver: auto-detecting
*geometry* detected driver: pdftex
*geometry* verbose mode - [ preamble ] result:
* driver: pdftex
* paper: <default>
* layout: <same size as paper>
* layoutoffset:(h,v)=(0.0pt,0.0pt)
* modes: 
* h-part:(L,W,R)=(2.84544pt, 608.60411pt, 2.84544pt)
* v-part:(T,H,B)=(2.84544pt, 789.2791pt, 2.84544pt)
* \paperwidth=614.295pt
* \paperheight=794.96999pt
* \textwidth=608.60411pt
* \textheight=789.2791pt
* \oddsidemargin=-69.42455pt
* \evensidemargin=-69.42455pt
* \topmargin=-106.42455pt
* \headheight=12.0pt
* \headsep=25.0pt
* \topskip=10.0pt
* \footskip=30.0pt
* \marginparwidth=65.0pt
* \marginparsep=11.0pt
* \columnsep=10.0pt
* \skip\footins=9.0pt plus 4.0pt minus 2.0pt
* \hoffset=0.0pt
* \voffset=0.0pt
* \mag=1000
* \@twocolumnfalse
* \@twosidefalse
* \@mparswitchfalse
* \@reversemarginfalse
* (1in=72.27pt=25.4mm, 1cm=28.453pt)

LaTeX Font Info:    External font `cmex10' loaded for size
(Font)              <12> on input line 51.
LaTeX Font Info:    External font `cmex10' loaded for size
(Font)              <8> on input line 51.
LaTeX Font Info:    External font `cmex10' loaded for size
(Font)              <6> on input line 51.
(./Capstone_figures.toc)
\tf@toc=\write4
\openout4 = `Capstone_figures.toc'.



[1

{/usr/local/texlive/2025/texmf-var/fonts/map/pdftex/updmap/pdftex.map}]
</Users/conorkirby/projects/python/capstone/Figures/endpoints.png, id=29, 462.528pt x 346.896pt>
File: /Users/conorkirby/projects/python/capstone/Figures/endpoints.png Graphic file (type png)
<use /Users/conorkirby/projects/python/capstone/Figures/endpoints.png>
Package pdftex.def Info: /Users/conorkirby/projects/python/capstone/Figures/endpoints.png  used on input line 56.
(pdftex.def)             Requested size: 365.16617pt x 273.88603pt.
</Users/conorkirby/projects/python/capstone/Figures/fullbubblepath(disappearing).png, id=31, 578.16pt x 433.62pt>
File: /Users/conorkirby/projects/python/capstone/Figures/fullbubblepath(disappearing).png Graphic file (type png)
<use /Users/conorkirby/projects/python/capstone/Figures/fullbubblepath(disappearing).png>
Package pdftex.def Info: /Users/conorkirby/projects/python/capstone/Figures/fullbubblepath(disappearing).png  used on input line 62.
(pdftex.def)             Requested size: 365.16617pt x 273.87016pt.


LaTeX Warning: `h' float specifier changed to `ht'.

</Users/conorkirby/projects/python/capstone/Figures/fullbubblepath(no_disappear).png, id=32, 578.16pt x 433.62pt>
File: /Users/conorkirby/projects/python/capstone/Figures/fullbubblepath(no_disappear).png Graphic file (type png)
<use /Users/conorkirby/projects/python/capstone/Figures/fullbubblepath(no_disappear).png>
Package pdftex.def Info: /Users/conorkirby/projects/python/capstone/Figures/fullbubblepath(no_disappear).png  used on input line 68.
(pdftex.def)             Requested size: 365.16617pt x 273.87016pt.

LaTeX Warning: `h' float specifier changed to `ht'.

</Users/conorkirby/projects/python/capstone/Figures/Gaussian_rand_walk.png, id=33, 578.16pt x 433.62pt>
File: /Users/conorkirby/projects/python/capstone/Figures/Gaussian_rand_walk.png Graphic file (type png)
<use /Users/conorkirby/projects/python/capstone/Figures/Gaussian_rand_walk.png>
Package pdftex.def Info: /Users/conorkirby/projects/python/capstone/Figures/Gaussian_rand_walk.png  used on input line 74.
(pdftex.def)             Requested size: 365.16617pt x 273.87016pt.

LaTeX Warning: `h' float specifier changed to `ht'.

</Users/conorkirby/projects/python/capstone/Figures/bubble_paths_unfixed.png, id=34, 462.528pt x 346.896pt>
File: /Users/conorkirby/projects/python/capstone/Figures/bubble_paths_unfixed.png Graphic file (type png)
<use /Users/conorkirby/projects/python/capstone/Figures/bubble_paths_unfixed.png>
Package pdftex.def Info: /Users/conorkirby/projects/python/capstone/Figures/bubble_paths_unfixed.png  used on input line 80.
(pdftex.def)             Requested size: 365.16617pt x 273.88603pt.

LaTeX Warning: `h' float specifier changed to `ht'.

</Users/conorkirby/projects/python/capstone/Figures/bubble_paths_fixed.png, id=35, 578.16pt x 433.62pt>
File: /Users/conorkirby/projects/python/capstone/Figures/bubble_paths_fixed.png Graphic file (type png)
<use /Users/conorkirby/projects/python/capstone/Figures/bubble_paths_fixed.png>
Package pdftex.def Info: /Users/conorkirby/projects/python/capstone/Figures/bubble_paths_fixed.png  used on input line 86.
(pdftex.def)             Requested size: 365.16617pt x 273.87016pt.

LaTeX Warning: `h' float specifier changed to `ht'.

</Users/conorkirby/projects/python/capstone/Figures/Gaussian_400evenDistrib.png, id=36, 462.528pt x 346.896pt>
File: /Users/conorkirby/projects/python/capstone/Figures/Gaussian_400evenDistrib.png Graphic file (type png)
<use /Users/conorkirby/projects/python/capstone/Figures/Gaussian_400evenDistrib.png>
Package pdftex.def Info: /Users/conorkirby/projects/python/capstone/Figures/Gaussian_400evenDistrib.png  used on input line 92.
(pdftex.def)             Requested size: 365.16617pt x 273.88603pt.

LaTeX Warning: `h' float specifier changed to `ht'.

</Users/conorkirby/projects/python/capstone/Figures/bubble_290_position_changes.png, id=37, 722.7pt x 361.35pt>
File: /Users/conorkirby/projects/python/capstone/Figures/bubble_290_position_changes.png Graphic file (type png)
<use /Users/conorkirby/projects/python/capstone/Figures/bubble_290_position_changes.png>
Package pdftex.def Info: /Users/conorkirby/projects/python/capstone/Figures/bubble_290_position_changes.png  used on input line 99.
(pdftex.def)             Requested size: 365.16617pt x 182.5823pt.

LaTeX Warning: `h' float specifier changed to `ht'.

</Users/conorkirby/projects/python/capstone/Figures/bubble_290_log_returns.png, id=38, 722.7pt x 361.35pt>
File: /Users/conorkirby/projects/python/capstone/Figures/bubble_290_log_returns.png Graphic file (type png)
<use /Users/conorkirby/projects/python/capstone/Figures/bubble_290_log_returns.png>
Package pdftex.def Info: /Users/conorkirby/projects/python/capstone/Figures/bubble_290_log_returns.png  used on input line 105.
(pdftex.def)             Requested size: 365.16617pt x 182.5823pt.

LaTeX Warning: `h' float specifier changed to `ht'.

LaTeX Font Info:    External font `cmex10' loaded for size
(Font)              <7> on input line 111.
LaTeX Font Info:    External font `cmex10' loaded for size
(Font)              <5> on input line 111.
</Users/conorkirby/projects/python/capstone/Figures/bubble_displacement_dt_1.png, id=39, 722.7pt x 433.62pt>
File: /Users/conorkirby/projects/python/capstone/Figures/bubble_displacement_dt_1.png Graphic file (type png)
<use /Users/conorkirby/projects/python/capstone/Figures/bubble_displacement_dt_1.png>
Package pdftex.def Info: /Users/conorkirby/projects/python/capstone/Figures/bubble_displacement_dt_1.png  used on input line 112.
(pdftex.def)             Requested size: 273.86998pt x 164.32077pt.
</Users/conorkirby/projects/python/capstone/Figures/bubble_displacement_dt_5.png, id=40, 722.7pt x 433.62pt>
File: /Users/conorkirby/projects/python/capstone/Figures/bubble_displacement_dt_5.png Graphic file (type png)
<use /Users/conorkirby/projects/python/capstone/Figures/bubble_displacement_dt_5.png>
Package pdftex.def Info: /Users/conorkirby/projects/python/capstone/Figures/bubble_displacement_dt_5.png  used on input line 113.
(pdftex.def)             Requested size: 273.86998pt x 164.32077pt.
</Users/conorkirby/projects/python/capstone/Figures/bubble_displacement_dt_10.png, id=41, 722.7pt x 433.62pt>
File: /Users/conorkirby/projects/python/capstone/Figures/bubble_displacement_dt_10.png Graphic file (type png)
<use /Users/conorkirby/projects/python/capstone/Figures/bubble_displacement_dt_10.png>
Package pdftex.def Info: /Users/conorkirby/projects/python/capstone/Figures/bubble_displacement_dt_10.png  used on input line 115.
(pdftex.def)             Requested size: 273.86998pt x 164.32077pt.
</Users/conorkirby/projects/python/capstone/Figures/bubble_displacement_dt_20.png, id=42, 722.7pt x 433.62pt>
File: /Users/conorkirby/projects/python/capstone/Figures/bubble_displacement_dt_20.png Graphic file (type png)
<use /Users/conorkirby/projects/python/capstone/Figures/bubble_displacement_dt_20.png>
Package pdftex.def Info: /Users/conorkirby/projects/python/capstone/Figures/bubble_displacement_dt_20.png  used on input line 116.
(pdftex.def)             Requested size: 273.86998pt x 164.32077pt.

LaTeX Warning: `h' float specifier changed to `ht'.

</Users/conorkirby/projects/python/capstone/Figures/bubble_displacement_dt_50.png, id=43, 722.7pt x 433.62pt>
File: /Users/conorkirby/projects/python/capstone/Figures/bubble_displacement_dt_50.png Graphic file (type png)
<use /Users/conorkirby/projects/python/capstone/Figures/bubble_displacement_dt_50.png>
Package pdftex.def Info: /Users/conorkirby/projects/python/capstone/Figures/bubble_displacement_dt_50.png  used on input line 126.
(pdftex.def)             Requested size: 273.86998pt x 164.32077pt.
</Users/conorkirby/projects/python/capstone/Figures/bubble_displacement_dt_100.png, id=44, 722.7pt x 433.62pt>
File: /Users/conorkirby/projects/python/capstone/Figures/bubble_displacement_dt_100.png Graphic file (type png)
<use /Users/conorkirby/projects/python/capstone/Figures/bubble_displacement_dt_100.png>
Package pdftex.def Info: /Users/conorkirby/projects/python/capstone/Figures/bubble_displacement_dt_100.png  used on input line 127.
(pdftex.def)             Requested size: 273.86998pt x 164.32077pt.
</Users/conorkirby/projects/python/capstone/Figures/bubble_displacement_dt_200.png, id=45, 722.7pt x 433.62pt>
File: /Users/conorkirby/projects/python/capstone/Figures/bubble_displacement_dt_200.png Graphic file (type png)
<use /Users/conorkirby/projects/python/capstone/Figures/bubble_displacement_dt_200.png>
Package pdftex.def Info: /Users/conorkirby/projects/python/capstone/Figures/bubble_displacement_dt_200.png  used on input line 129.
(pdftex.def)             Requested size: 273.86998pt x 164.32077pt.
</Users/conorkirby/projects/python/capstone/Figures/bubble_displacement_dt_400.png, id=46, 722.7pt x 433.62pt>
File: /Users/conorkirby/projects/python/capstone/Figures/bubble_displacement_dt_400.png Graphic file (type png)
<use /Users/conorkirby/projects/python/capstone/Figures/bubble_displacement_dt_400.png>
Package pdftex.def Info: /Users/conorkirby/projects/python/capstone/Figures/bubble_displacement_dt_400.png  used on input line 130.
(pdftex.def)             Requested size: 273.86998pt x 164.32077pt.

LaTeX Warning: `h' float specifier changed to `ht'.

</Users/conorkirby/projects/python/capstone/Figures/bubble_displacement_histograms.png, id=47, 867.24pt x 361.35pt>
File: /Users/conorkirby/projects/python/capstone/Figures/bubble_displacement_histograms.png Graphic file (type png)
<use /Users/conorkirby/projects/python/capstone/Figures/bubble_displacement_histograms.png>
Package pdftex.def Info: /Users/conorkirby/projects/python/capstone/Figures/bubble_displacement_histograms.png  used on input line 140.
(pdftex.def)             Requested size: 273.86998pt x 114.11256pt.
</Users/conorkirby/projects/python/capstone/Figures/bubble_displacement_histograms_log.png, id=48, 867.24pt x 361.35pt>
File: /Users/conorkirby/projects/python/capstone/Figures/bubble_displacement_histograms_log.png Graphic file (type png)
<use /Users/conorkirby/projects/python/capstone/Figures/bubble_displacement_histograms_log.png>
Package pdftex.def Info: /Users/conorkirby/projects/python/capstone/Figures/bubble_displacement_histograms_log.png  used on input line 141.
(pdftex.def)             Requested size: 273.86998pt x 114.11256pt.
</Users/conorkirby/projects/python/capstone/Figures/Gaussian726_Changes_in_Position.png, id=49, 867.24pt x 361.35pt>
File: /Users/conorkirby/projects/python/capstone/Figures/Gaussian726_Changes_in_Position.png Graphic file (type png)
<use /Users/conorkirby/projects/python/capstone/Figures/Gaussian726_Changes_in_Position.png>
Package pdftex.def Info: /Users/conorkirby/projects/python/capstone/Figures/Gaussian726_Changes_in_Position.png  used on input line 143.
(pdftex.def)             Requested size: 273.86998pt x 114.11256pt.
</Users/conorkirby/projects/python/capstone/Figures/Gaussian726_Changes_in_Position_Log.png, id=50, 867.24pt x 361.35pt>
File: /Users/conorkirby/projects/python/capstone/Figures/Gaussian726_Changes_in_Position_Log.png Graphic file (type png)
<use /Users/conorkirby/projects/python/capstone/Figures/Gaussian726_Changes_in_Position_Log.png>
Package pdftex.def Info: /Users/conorkirby/projects/python/capstone/Figures/Gaussian726_Changes_in_Position_Log.png  used on input line 144.
(pdftex.def)             Requested size: 273.86998pt x 114.11256pt.

LaTeX Warning: `h' float specifier changed to `ht'.

</Users/conorkirby/projects/python/capstone/Figures/Gaussian726_All_Changes_in_Position_combination.png, id=51, 462.528pt x 346.896pt>
File: /Users/conorkirby/projects/python/capstone/Figures/Gaussian726_All_Changes_in_Position_combination.png Graphic file (type png)
<use /Users/conorkirby/projects/python/capstone/Figures/Gaussian726_All_Changes_in_Position_combination.png>
Package pdftex.def Info: /Users/conorkirby/projects/python/capstone/Figures/Gaussian726_All_Changes_in_Position_combination.png  used on input line 153.
(pdftex.def)             Requested size: 365.16617pt x 273.88603pt.

LaTeX Warning: `h' float specifier changed to `ht'.

</Users/conorkirby/projects/python/capstone/Figures/GaussianMSD_onerun.png, id=52, 462.528pt x 346.896pt>
File: /Users/conorkirby/projects/python/capstone/Figures/GaussianMSD_onerun.png Graphic file (type png)
<use /Users/conorkirby/projects/python/capstone/Figures/GaussianMSD_onerun.png>
Package pdftex.def Info: /Users/conorkirby/projects/python/capstone/Figures/GaussianMSD_onerun.png  used on input line 164.
(pdftex.def)             Requested size: 365.16617pt x 273.88603pt.

LaTeX Warning: `h' float specifier changed to `ht'.

</Users/conorkirby/projects/python/capstone/Figures/100vs400_MSD.png, id=53, 462.528pt x 346.896pt>
File: /Users/conorkirby/projects/python/capstone/Figures/100vs400_MSD.png Graphic file (type png)
<use /Users/conorkirby/projects/python/capstone/Figures/100vs400_MSD.png>
Package pdftex.def Info: /Users/conorkirby/projects/python/capstone/Figures/100vs400_MSD.png  used on input line 170.
(pdftex.def)             Requested size: 365.16617pt x 273.88603pt.

LaTeX Warning: `h' float specifier changed to `ht'.

</Users/conorkirby/projects/python/capstone/Figures/bubble(MSD)_count_over_time.png, id=54, 578.16pt x 361.35pt>
File: /Users/conorkirby/projects/python/capstone/Figures/bubble(MSD)_count_over_time.png Graphic file (type png)
<use /Users/conorkirby/projects/python/capstone/Figures/bubble(MSD)_count_over_time.png>
Package pdftex.def Info: /Users/conorkirby/projects/python/capstone/Figures/bubble(MSD)_count_over_time.png  used on input line 177.
(pdftex.def)             Requested size: 365.16617pt x 228.22513pt.

LaTeX Warning: `h' float specifier changed to `ht'.

</Users/conorkirby/projects/python/capstone/Figures/bubble_MSD_scaled_with_fit.png, id=55, 722.7pt x 433.62pt>
File: /Users/conorkirby/projects/python/capstone/Figures/bubble_MSD_scaled_with_fit.png Graphic file (type png)
<use /Users/conorkirby/projects/python/capstone/Figures/bubble_MSD_scaled_with_fit.png>
Package pdftex.def Info: /Users/conorkirby/projects/python/capstone/Figures/bubble_MSD_scaled_with_fit.png  used on input line 183.
(pdftex.def)             Requested size: 365.16617pt x 219.09877pt.

LaTeX Warning: `h' float specifier changed to `ht'.

</Users/conorkirby/projects/python/capstone/Figures/average_bubble_area_over_time.png, id=56, 578.16pt x 361.35pt>
File: /Users/conorkirby/projects/python/capstone/Figures/average_bubble_area_over_time.png Graphic file (type png)
<use /Users/conorkirby/projects/python/capstone/Figures/average_bubble_area_over_time.png>
Package pdftex.def Info: /Users/conorkirby/projects/python/capstone/Figures/average_bubble_area_over_time.png  used on input line 192.
(pdftex.def)             Requested size: 365.16617pt x 228.22513pt.

LaTeX Warning: `h' float specifier changed to `ht'.

</Users/conorkirby/projects/python/capstone/Figures/comparison_bubble_area_methods.png, id=57, 578.16pt x 433.62pt>
File: /Users/conorkirby/projects/python/capstone/Figures/comparison_bubble_area_methods.png Graphic file (type png)
<use /Users/conorkirby/projects/python/capstone/Figures/comparison_bubble_area_methods.png>
Package pdftex.def Info: /Users/conorkirby/projects/python/capstone/Figures/comparison_bubble_area_methods.png  used on input line 198.
(pdftex.def)             Requested size: 365.16617pt x 273.87016pt.

LaTeX Warning: `h' float specifier changed to `ht'.

</Users/conorkirby/projects/python/capstone/Figures/absolute_difference_bubble_area_methods.png, id=58, 578.16pt x 361.35pt>
File: /Users/conorkirby/projects/python/capstone/Figures/absolute_difference_bubble_area_methods.png Graphic file (type png)
<use /Users/conorkirby/projects/python/capstone/Figures/absolute_difference_bubble_area_methods.png>
Package pdftex.def Info: /Users/conorkirby/projects/python/capstone/Figures/absolute_difference_bubble_area_methods.png  used on input line 205.
(pdftex.def)             Requested size: 273.86998pt x 171.16885pt.
</Users/conorkirby/projects/python/capstone/Figures/percent_error_bubble_area_methods.png, id=59, 578.16pt x 361.35pt>
File: /Users/conorkirby/projects/python/capstone/Figures/percent_error_bubble_area_methods.png Graphic file (type png)
<use /Users/conorkirby/projects/python/capstone/Figures/percent_error_bubble_area_methods.png>
Package pdftex.def Info: /Users/conorkirby/projects/python/capstone/Figures/percent_error_bubble_area_methods.png  used on input line 206.
(pdftex.def)             Requested size: 273.86998pt x 171.16885pt.

LaTeX Warning: `h' float specifier changed to `ht'.



[2 </Users/conorkirby/projects/python/capstone/Figures/endpoints.png>]

[3 </Users/conorkirby/projects/python/capstone/Figures/fullbubblepath(disappearing).png> </Users/conorkirby/projects/python/capstone/Figures/fullbubblepath(no_disappear).png>]

[4 </Users/conorkirby/projects/python/capstone/Figures/Gaussian_rand_walk.png> </Users/conorkirby/projects/python/capstone/Figures/bubble_paths_unfixed.png>]

[5 </Users/conorkirby/projects/python/capstone/Figures/bubble_paths_fixed.png> </Users/conorkirby/projects/python/capstone/Figures/Gaussian_400evenDistrib.png>]

[6 </Users/conorkirby/projects/python/capstone/Figures/bubble_290_position_changes.png> </Users/conorkirby/projects/python/capstone/Figures/bubble_290_log_returns.png>]

[7 </Users/conorkirby/projects/python/capstone/Figures/bubble_displacement_dt_1.png> </Users/conorkirby/projects/python/capstone/Figures/bubble_displacement_dt_5.png> </Users/conorkirby/projects/python/capstone/Figures/bubble_displacement_dt_10.png> </Users/conorkirby/projects/python/capstone/Figures/bubble_displacement_dt_20.png> </Users/conorkirby/projects/python/capstone/Figures/bubble_displacement_dt_50.png> </Users/conorkirby/projects/python/capstone/Figures/bubble_displacement_dt_100.png> </Users/conorkirby/projects/python/capstone/Figures/bubble_displacement_dt_200.png> </Users/conorkirby/projects/python/capstone/Figures/bubble_displacement_dt_400.png>]

[8 </Users/conorkirby/projects/python/capstone/Figures/bubble_displacement_histograms.png> </Users/conorkirby/projects/python/capstone/Figures/bubble_displacement_histograms_log.png> </Users/conorkirby/projects/python/capstone/Figures/Gaussian726_Changes_in_Position.png> </Users/conorkirby/projects/python/capstone/Figures/Gaussian726_Changes_in_Position_Log.png> </Users/conorkirby/projects/python/capstone/Figures/Gaussian726_All_Changes_in_Position_combination.png>]

[9 </Users/conorkirby/projects/python/capstone/Figures/GaussianMSD_onerun.png> </Users/conorkirby/projects/python/capstone/Figures/100vs400_MSD.png>]

[10 </Users/conorkirby/projects/python/capstone/Figures/bubble(MSD)_count_over_time.png> </Users/conorkirby/projects/python/capstone/Figures/bubble_MSD_scaled_with_fit.png> </Users/conorkirby/projects/python/capstone/Figures/average_bubble_area_over_time.png>]

[11 </Users/conorkirby/projects/python/capstone/Figures/comparison_bubble_area_methods.png> </Users/conorkirby/projects/python/capstone/Figures/absolute_difference_bubble_area_methods.png> </Users/conorkirby/projects/python/capstone/Figures/percent_error_bubble_area_methods.png>] (./Capstone_figures.aux)
 ***********
LaTeX2e <2024-11-01> patch level 2
L3 programming layer <2025-01-18>
 ***********


LaTeX Warning: There were multiply-defined labels.

Package rerunfilecheck Info: File `Capstone_figures.out' has not changed.
(rerunfilecheck)             Checksum: 99B6D3E06CDB6DDA25A68972B41EA6CF;703.
 ) 
Here is how much of TeX's memory you used:
 11022 strings out of 473190
 184820 string characters out of 5715800
 584086 words of memory out of 5000000
 34141 multiletter control sequences out of 15000+600000
 563084 words of font info for 50 fonts, out of 8000000 for 9000
 1141 hyphenation exceptions out of 8191
 75i,12n,79p,949b,439s stack positions out of 10000i,1000n,20000p,200000b,200000s
</usr/local/texlive/2025/texmf-dist/fonts/type1/public/amsfonts/cm/cmbx10.pfb></usr/local/texlive/2025/texmf-dist/fonts/type1/public/amsfonts/cm/cmbx12.pfb></usr/local/texlive/2025/texmf-dist/fonts/type1/public/amsfonts/cm/cmmi10.pfb></usr/local/texlive/2025/texmf-dist/fonts/type1/public/amsfonts/cm/cmr10.pfb></usr/local/texlive/2025/texmf-dist/fonts/type1/public/amsfonts/cm/cmr17.pfb></usr/local/texlive/2025/texmf-dist/fonts/type1/public/amsfonts/cm/cmr9.pfb></usr/local/texlive/2025/texmf-dist/fonts/type1/public/amsfonts/cm/cmsy10.pfb>
Output written on Capstone_figures.pdf (11 pages, 7829567 bytes).
PDF statistics:
 195 PDF objects out of 1000 (max. 8388607)
 106 compressed objects within 2 object streams
 36 named destinations out of 1000 (max. 500000)
 175 words of extra memory for PDF output out of 10000 (max. 10000000)

